INFO:root:Task Added: 5, Priority: 5, Deadline: 5
INFO:root:Task Added: 5, Priority: 5, Deadline: 5
INFO:root:Task Added: 5, Priority: 5, Deadline: 5
INFO:root:Task Added: 5, Priority: 5, Deadline: 5
INFO:root:Task Added: 5, Priority: 5, Deadline: 5
INFO:root:Task Added: 5, Priority: 5, Deadline: 5
INFO:root:Task Added: 5, Priority: 5, Deadline: 5
INFO:root:Task Added: 5, Priority: 5, Deadline: 5
INFO:root:Task Added: 5, Priority: 5, Deadline: 5
INFO:root:Task Added: 5, Priority: 5, Deadline: 5
INFO:root:Task Added: 5, Priority: 5, Deadline: 5
INFO:root:Task Added: 5, Priority: 5, Deadline: 5
INFO:root:Task Added: 5, Priority: 5, Deadline: 5
INFO:root:Task Added: get chef, Priority: 2, Deadline: 2025-02-13
INFO:root:Task Added: dfb, Priority: 5, Deadline: 2025-02-12
INFO:root:Task Added: mkm, Priority: 2, Deadline: 2025-02-11
INFO:root:Task Added: fdg, Priority: 2, Deadline: 2025-02-12
INFO:root:Task Added: jhnjk, Priority: 2, Deadline: 2026-01-01
INFO:root:Task Added: lkmlkm, Priority: 5, Deadline: 2026-01-01
INFO:root:Score Added: english - 50.0
INFO:root:Score Added: english - 50.0
INFO:root:Score Added: spanish - 85.0
INFO:root:Score Added: english - 97.0
INFO:root:Score Added: kl - 9.0
INFO:root:Score Added: kl - 88.0
INFO:root:Task Added: df, Priority: 3, Deadline: 2025-02-13
INFO:root:Score Added: sdv - 44.0
INFO:root:Task Added: df, Priority: 4, Deadline: 2025-02-13
INFO:root:Task Added: mkmk, Priority: 1, Deadline: 2025-02-12
INFO:root:Task Added: jnjkn, Priority: 5, Deadline: 2025-02-11
INFO:root:Task Added: jnjkn, Priority: 1, Deadline: 2025-02-10
INFO:root:Score Added: jnjln - 90.0
INFO:root:Task Added: dance, Priority: 5, Deadline: 2025-06-10
INFO:root:Task Added: math, Priority: 3, Deadline: 2025-06-10
INFO:root:Score Added: Rafael - 25.0
INFO:root:Score Added: math - 50.0
